Epoch: 0| It: 0| Loss: 8.700e-01| physLoss: 6.468e-02 | lINITIAL: 6.771e-02 | wLoss: 3.937e-01 | inLoss: 3.187e-01 | outLoss: 2.522e-02 |Time: 0.05s | rTime: 6.022e-04h | LR: 5.000e-03
Epoch: 10| It: 0| Loss: 2.293e-01| physLoss: 7.472e-03 | lINITIAL: 3.361e-02 | wLoss: 1.224e-01 | inLoss: 6.054e-02 | outLoss: 5.326e-03 |Time: 0.02s | rTime: 3.872e-01h | LR: 5.000e-03
Epoch: 20| It: 0| Loss: 1.312e-01| physLoss: 4.908e-03 | lINITIAL: 1.759e-02 | wLoss: 4.401e-02 | inLoss: 4.903e-02 | outLoss: 1.568e-02 |Time: 0.02s | rTime: 6.787e-01h | LR: 5.000e-03
Epoch: 30| It: 0| Loss: 1.538e-01| physLoss: 9.331e-03 | lINITIAL: 2.990e-02 | wLoss: 2.264e-02 | inLoss: 2.613e-02 | outLoss: 6.577e-02 |Time: 0.02s | rTime: 8.770e-01h | LR: 5.000e-03
Epoch: 40| It: 0| Loss: 9.283e-02| physLoss: 7.845e-03 | lINITIAL: 1.422e-02 | wLoss: 3.296e-02 | inLoss: 4.336e-03 | outLoss: 3.347e-02 |Time: 0.02s | rTime: 1.172e+00h | LR: 5.000e-03
Epoch: 50| It: 0| Loss: 8.841e-02| physLoss: 1.714e-02 | lINITIAL: 1.562e-02 | wLoss: 2.468e-02 | inLoss: 1.909e-02 | outLoss: 1.188e-02 |Time: 0.02s | rTime: 1.590e+00h | LR: 5.000e-03
Epoch: 60| It: 0| Loss: 1.210e-01| physLoss: 9.533e-03 | lINITIAL: 4.326e-02 | wLoss: 3.279e-02 | inLoss: 1.073e-02 | outLoss: 2.464e-02 |Time: 0.02s | rTime: 1.892e+00h | LR: 5.000e-03
Epoch: 70| It: 0| Loss: 7.469e-02| physLoss: 1.152e-02 | lINITIAL: 2.547e-02 | wLoss: 1.476e-02 | inLoss: 1.854e-02 | outLoss: 4.394e-03 |Time: 0.02s | rTime: 2.149e+00h | LR: 5.000e-03
Epoch: 80| It: 0| Loss: 9.418e-02| physLoss: 6.065e-03 | lINITIAL: 2.295e-02 | wLoss: 4.063e-02 | inLoss: 9.283e-03 | outLoss: 1.526e-02 |Time: 0.02s | rTime: 2.353e+00h | LR: 5.000e-03
Epoch: 90| It: 0| Loss: 6.992e-02| physLoss: 8.374e-03 | lINITIAL: 6.698e-03 | wLoss: 4.051e-02 | inLoss: 9.679e-03 | outLoss: 4.660e-03 |Time: 0.02s | rTime: 2.701e+00h | LR: 5.000e-03
Epoch: 100| It: 0| Loss: 9.884e-02| physLoss: 4.198e-03 | lINITIAL: 3.052e-02 | wLoss: 1.648e-02 | inLoss: 3.269e-02 | outLoss: 1.495e-02 |Time: 0.02s | rTime: 3.031e+00h | LR: 5.000e-03
Epoch: 110| It: 0| Loss: 7.147e-02| physLoss: 7.198e-03 | lINITIAL: 1.282e-02 | wLoss: 3.397e-02 | inLoss: 1.330e-02 | outLoss: 4.182e-03 |Time: 0.02s | rTime: 3.434e+00h | LR: 5.000e-03
Epoch: 120| It: 0| Loss: 8.985e-02| physLoss: 1.300e-02 | lINITIAL: 1.253e-02 | wLoss: 3.741e-02 | inLoss: 1.376e-02 | outLoss: 1.315e-02 |Time: 0.08s | rTime: 3.667e+00h | LR: 5.000e-03
Epoch: 130| It: 0| Loss: 6.917e-02| physLoss: 4.391e-03 | lINITIAL: 6.728e-03 | wLoss: 3.886e-02 | inLoss: 1.465e-02 | outLoss: 4.549e-03 |Time: 0.02s | rTime: 3.950e+00h | LR: 5.000e-03
Epoch: 140| It: 0| Loss: 8.260e-02| physLoss: 4.853e-03 | lINITIAL: 1.897e-02 | wLoss: 3.079e-02 | inLoss: 2.176e-02 | outLoss: 6.220e-03 |Time: 0.02s | rTime: 4.301e+00h | LR: 5.000e-03
Epoch: 150| It: 0| Loss: 7.311e-02| physLoss: 5.818e-03 | lINITIAL: 1.463e-02 | wLoss: 2.709e-02 | inLoss: 1.916e-02 | outLoss: 6.402e-03 |Time: 0.02s | rTime: 4.705e+00h | LR: 5.000e-03
Epoch: 160| It: 0| Loss: 6.681e-02| physLoss: 5.197e-03 | lINITIAL: 1.032e-02 | wLoss: 3.421e-02 | inLoss: 1.104e-02 | outLoss: 6.052e-03 |Time: 0.07s | rTime: 5.117e+00h | LR: 5.000e-03
Epoch: 170| It: 0| Loss: 7.438e-02| physLoss: 8.526e-03 | lINITIAL: 1.445e-02 | wLoss: 4.156e-02 | inLoss: 8.530e-03 | outLoss: 1.317e-03 |Time: 0.06s | rTime: 5.493e+00h | LR: 5.000e-03
Epoch: 180| It: 0| Loss: 6.754e-02| physLoss: 7.405e-03 | lINITIAL: 1.319e-02 | wLoss: 2.449e-02 | inLoss: 2.005e-02 | outLoss: 2.397e-03 |Time: 0.02s | rTime: 5.837e+00h | LR: 5.000e-03
Epoch: 190| It: 0| Loss: 7.138e-02| physLoss: 5.583e-03 | lINITIAL: 2.131e-02 | wLoss: 3.617e-02 | inLoss: 7.354e-03 | outLoss: 9.621e-04 |Time: 0.02s | rTime: 6.131e+00h | LR: 5.000e-03
Epoch: 200| It: 0| Loss: 6.183e-02| physLoss: 8.773e-03 | lINITIAL: 6.287e-03 | wLoss: 3.396e-02 | inLoss: 1.132e-02 | outLoss: 1.494e-03 |Time: 0.02s | rTime: 6.533e+00h | LR: 5.000e-03
Epoch: 210| It: 0| Loss: 6.870e-02| physLoss: 8.907e-03 | lINITIAL: 1.027e-02 | wLoss: 3.223e-02 | inLoss: 1.668e-02 | outLoss: 6.087e-04 |Time: 0.08s | rTime: 6.825e+00h | LR: 5.000e-03
Epoch: 220| It: 0| Loss: 6.621e-02| physLoss: 9.458e-03 | lINITIAL: 9.200e-03 | wLoss: 3.797e-02 | inLoss: 9.515e-03 | outLoss: 6.533e-05 |Time: 0.02s | rTime: 7.083e+00h | LR: 5.000e-03
Epoch: 230| It: 0| Loss: 6.621e-02| physLoss: 9.597e-03 | lINITIAL: 1.418e-02 | wLoss: 3.228e-02 | inLoss: 1.006e-02 | outLoss: 1.058e-04 |Time: 0.02s | rTime: 7.395e+00h | LR: 5.000e-03
Epoch: 240| It: 0| Loss: 6.202e-02| physLoss: 6.668e-03 | lINITIAL: 8.068e-03 | wLoss: 3.545e-02 | inLoss: 1.023e-02 | outLoss: 1.605e-03 |Time: 0.02s | rTime: 7.740e+00h | LR: 5.000e-03
Epoch: 250| It: 0| Loss: 6.822e-02| physLoss: 8.675e-03 | lINITIAL: 6.936e-03 | wLoss: 4.001e-02 | inLoss: 1.102e-02 | outLoss: 1.577e-03 |Time: 0.05s | rTime: 7.936e+00h | LR: 5.000e-03
Epoch: 260| It: 0| Loss: 6.329e-02| physLoss: 6.817e-03 | lINITIAL: 6.141e-03 | wLoss: 3.918e-02 | inLoss: 9.626e-03 | outLoss: 1.534e-03 |Time: 0.02s | rTime: 8.225e+00h | LR: 5.000e-03
Epoch: 270| It: 0| Loss: 6.940e-02| physLoss: 8.102e-03 | lINITIAL: 1.469e-02 | wLoss: 3.863e-02 | inLoss: 6.917e-03 | outLoss: 1.063e-03 |Time: 0.02s | rTime: 8.616e+00h | LR: 5.000e-03
Epoch: 280| It: 0| Loss: 6.551e-02| physLoss: 7.895e-03 | lINITIAL: 1.192e-02 | wLoss: 3.665e-02 | inLoss: 8.770e-03 | outLoss: 2.863e-04 |Time: 0.04s | rTime: 8.986e+00h | LR: 5.000e-03
Epoch: 290| It: 0| Loss: 6.718e-02| physLoss: 1.048e-02 | lINITIAL: 5.579e-03 | wLoss: 4.168e-02 | inLoss: 8.592e-03 | outLoss: 8.485e-04 |Time: 0.11s | rTime: 9.208e+00h | LR: 5.000e-03
Epoch: 300| It: 0| Loss: 6.628e-02| physLoss: 1.045e-02 | lINITIAL: 6.169e-03 | wLoss: 3.857e-02 | inLoss: 1.032e-02 | outLoss: 7.703e-04 |Time: 0.02s | rTime: 9.624e+00h | LR: 5.000e-03
Epoch: 310| It: 0| Loss: 6.872e-02| physLoss: 1.072e-02 | lINITIAL: 1.122e-02 | wLoss: 3.939e-02 | inLoss: 7.314e-03 | outLoss: 7.863e-05 |Time: 0.02s | rTime: 9.861e+00h | LR: 5.000e-03
Epoch: 320| It: 0| Loss: 6.714e-02| physLoss: 1.098e-02 | lINITIAL: 8.083e-03 | wLoss: 4.044e-02 | inLoss: 7.386e-03 | outLoss: 2.588e-04 |Time: 0.07s | rTime: 1.027e+01h | LR: 5.000e-03
Epoch: 330| It: 0| Loss: 7.071e-02| physLoss: 1.106e-02 | lINITIAL: 7.740e-03 | wLoss: 3.971e-02 | inLoss: 1.175e-02 | outLoss: 4.491e-04 |Time: 0.06s | rTime: 1.054e+01h | LR: 5.000e-03
Epoch: 340| It: 0| Loss: 7.039e-02| physLoss: 1.040e-02 | lINITIAL: 7.512e-03 | wLoss: 4.320e-02 | inLoss: 8.634e-03 | outLoss: 6.485e-04 |Time: 0.02s | rTime: 1.089e+01h | LR: 5.000e-03
Epoch: 350| It: 0| Loss: 7.196e-02| physLoss: 1.012e-02 | lINITIAL: 1.185e-02 | wLoss: 3.937e-02 | inLoss: 9.863e-03 | outLoss: 7.564e-04 |Time: 0.02s | rTime: 1.123e+01h | LR: 5.000e-03
Epoch: 360| It: 0| Loss: 7.167e-02| physLoss: 1.101e-02 | lINITIAL: 7.507e-03 | wLoss: 4.455e-02 | inLoss: 8.413e-03 | outLoss: 1.911e-04 |Time: 0.02s | rTime: 1.156e+01h | LR: 5.000e-03
Epoch: 370| It: 0| Loss: 7.404e-02| physLoss: 1.113e-02 | lINITIAL: 5.400e-03 | wLoss: 4.747e-02 | inLoss: 9.749e-03 | outLoss: 2.946e-04 |Time: 0.06s | rTime: 1.190e+01h | LR: 5.000e-03
Epoch: 380| It: 0| Loss: 7.257e-02| physLoss: 1.035e-02 | lINITIAL: 8.466e-03 | wLoss: 4.408e-02 | inLoss: 9.584e-03 | outLoss: 1.009e-04 |Time: 0.02s | rTime: 1.217e+01h | LR: 5.000e-03
Epoch: 390| It: 0| Loss: 7.549e-02| physLoss: 9.998e-03 | lINITIAL: 1.351e-02 | wLoss: 4.175e-02 | inLoss: 1.013e-02 | outLoss: 1.067e-04 |Time: 0.02s | rTime: 1.248e+01h | LR: 5.000e-03
Epoch: 400| It: 0| Loss: 7.428e-02| physLoss: 1.135e-02 | lINITIAL: 7.610e-03 | wLoss: 4.444e-02 | inLoss: 1.069e-02 | outLoss: 1.933e-04 |Time: 0.02s | rTime: 1.293e+01h | LR: 5.000e-03
Epoch: 410| It: 0| Loss: 7.654e-02| physLoss: 1.257e-02 | lINITIAL: 6.004e-03 | wLoss: 4.489e-02 | inLoss: 1.293e-02 | outLoss: 1.328e-04 |Time: 0.02s | rTime: 1.332e+01h | LR: 5.000e-03
Epoch: 420| It: 0| Loss: 7.658e-02| physLoss: 1.176e-02 | lINITIAL: 8.511e-03 | wLoss: 4.714e-02 | inLoss: 8.948e-03 | outLoss: 2.140e-04 |Time: 0.08s | rTime: 1.358e+01h | LR: 5.000e-03
Epoch: 430| It: 0| Loss: 7.754e-02| physLoss: 1.097e-02 | lINITIAL: 1.050e-02 | wLoss: 4.365e-02 | inLoss: 1.188e-02 | outLoss: 5.469e-04 |Time: 0.02s | rTime: 1.385e+01h | LR: 5.000e-03
Epoch: 440| It: 0| Loss: 7.823e-02| physLoss: 1.128e-02 | lINITIAL: 7.312e-03 | wLoss: 4.755e-02 | inLoss: 1.175e-02 | outLoss: 3.383e-04 |Time: 0.02s | rTime: 1.429e+01h | LR: 5.000e-03
Epoch: 450| It: 0| Loss: 7.925e-02| physLoss: 1.139e-02 | lINITIAL: 8.288e-03 | wLoss: 4.589e-02 | inLoss: 1.340e-02 | outLoss: 2.827e-04 |Time: 0.02s | rTime: 1.468e+01h | LR: 5.000e-03
Epoch: 460| It: 0| Loss: 8.022e-02| physLoss: 1.185e-02 | lINITIAL: 1.070e-02 | wLoss: 4.583e-02 | inLoss: 1.175e-02 | outLoss: 8.734e-05 |Time: 0.07s | rTime: 1.505e+01h | LR: 5.000e-03
Epoch: 470| It: 0| Loss: 8.065e-02| physLoss: 1.248e-02 | lINITIAL: 8.389e-03 | wLoss: 4.638e-02 | inLoss: 1.339e-02 | outLoss: 1.357e-05 |Time: 0.14s | rTime: 1.532e+01h | LR: 5.000e-03
Epoch: 480| It: 0| Loss: 8.232e-02| physLoss: 1.338e-02 | lINITIAL: 6.408e-03 | wLoss: 4.817e-02 | inLoss: 1.426e-02 | outLoss: 1.033e-04 |Time: 0.02s | rTime: 1.576e+01h | LR: 5.000e-03
Epoch: 490| It: 0| Loss: 8.209e-02| physLoss: 1.261e-02 | lINITIAL: 8.941e-03 | wLoss: 4.811e-02 | inLoss: 1.239e-02 | outLoss: 3.400e-05 |Time: 0.02s | rTime: 1.619e+01h | LR: 5.000e-03
Epoch: 500| It: 0| Loss: 8.349e-02| physLoss: 1.220e-02 | lINITIAL: 1.100e-02 | wLoss: 4.891e-02 | inLoss: 1.133e-02 | outLoss: 4.676e-05 |Time: 0.02s | rTime: 1.651e+01h | LR: 5.000e-03
Epoch: 510| It: 0| Loss: 8.416e-02| physLoss: 1.249e-02 | lINITIAL: 8.172e-03 | wLoss: 5.043e-02 | inLoss: 1.292e-02 | outLoss: 1.420e-04 |Time: 0.06s | rTime: 1.681e+01h | LR: 5.000e-03
Epoch: 520| It: 0| Loss: 8.471e-02| physLoss: 1.238e-02 | lINITIAL: 8.641e-03 | wLoss: 5.128e-02 | inLoss: 1.238e-02 | outLoss: 3.126e-05 |Time: 0.02s | rTime: 1.711e+01h | LR: 5.000e-03
Epoch: 530| It: 0| Loss: 8.623e-02| physLoss: 1.255e-02 | lINITIAL: 1.045e-02 | wLoss: 5.094e-02 | inLoss: 1.198e-02 | outLoss: 3.122e-04 |Time: 0.02s | rTime: 1.752e+01h | LR: 5.000e-03
Epoch: 540| It: 0| Loss: 8.671e-02| physLoss: 1.289e-02 | lINITIAL: 7.993e-03 | wLoss: 5.292e-02 | inLoss: 1.285e-02 | outLoss: 6.417e-05 |Time: 0.02s | rTime: 1.789e+01h | LR: 5.000e-03
Epoch: 550| It: 0| Loss: 8.757e-02| physLoss: 1.291e-02 | lINITIAL: 8.741e-03 | wLoss: 5.266e-02 | inLoss: 1.319e-02 | outLoss: 6.848e-05 |Time: 0.11s | rTime: 1.809e+01h | LR: 5.000e-03
Epoch: 560| It: 0| Loss: 8.879e-02| physLoss: 1.275e-02 | lINITIAL: 1.173e-02 | wLoss: 5.143e-02 | inLoss: 1.285e-02 | outLoss: 2.242e-05 |Time: 0.02s | rTime: 1.844e+01h | LR: 5.000e-03
Epoch: 570| It: 0| Loss: 8.922e-02| physLoss: 1.373e-02 | lINITIAL: 8.400e-03 | wLoss: 5.424e-02 | inLoss: 1.281e-02 | outLoss: 3.228e-05 |Time: 0.02s | rTime: 1.883e+01h | LR: 5.000e-03
Epoch: 580| It: 0| Loss: 9.008e-02| physLoss: 1.402e-02 | lINITIAL: 8.222e-03 | wLoss: 5.477e-02 | inLoss: 1.305e-02 | outLoss: 1.682e-05 |Time: 0.07s | rTime: 1.919e+01h | LR: 5.000e-03
Epoch: 590| It: 0| Loss: 9.109e-02| physLoss: 1.352e-02 | lINITIAL: 1.076e-02 | wLoss: 5.373e-02 | inLoss: 1.300e-02 | outLoss: 7.717e-05 |Time: 0.02s | rTime: 1.946e+01h | LR: 5.000e-03
Epoch: 600| It: 0| Loss: 9.196e-02| physLoss: 1.356e-02 | lINITIAL: 9.081e-03 | wLoss: 5.531e-02 | inLoss: 1.399e-02 | outLoss: 1.824e-05 |Time: 0.02s | rTime: 1.985e+01h | LR: 5.000e-03
Epoch: 610| It: 0| Loss: 9.270e-02| physLoss: 1.343e-02 | lINITIAL: 1.013e-02 | wLoss: 5.564e-02 | inLoss: 1.344e-02 | outLoss: 6.760e-05 |Time: 0.02s | rTime: 2.016e+01h | LR: 5.000e-03
Epoch: 620| It: 0| Loss: 9.362e-02| physLoss: 1.379e-02 | lINITIAL: 1.068e-02 | wLoss: 5.563e-02 | inLoss: 1.343e-02 | outLoss: 9.748e-05 |Time: 0.02s | rTime: 2.036e+01h | LR: 5.000e-03
Epoch: 630| It: 0| Loss: 9.443e-02| physLoss: 1.429e-02 | lINITIAL: 9.071e-03 | wLoss: 5.706e-02 | inLoss: 1.391e-02 | outLoss: 9.591e-05 |Time: 0.02s | rTime: 2.069e+01h | LR: 5.000e-03
Epoch: 640| It: 0| Loss: 9.512e-02| physLoss: 1.455e-02 | lINITIAL: 1.048e-02 | wLoss: 5.584e-02 | inLoss: 1.415e-02 | outLoss: 9.152e-05 |Time: 0.02s | rTime: 2.099e+01h | LR: 5.000e-03
Epoch: 650| It: 0| Loss: 9.585e-02| physLoss: 1.475e-02 | lINITIAL: 1.021e-02 | wLoss: 5.720e-02 | inLoss: 1.369e-02 | outLoss: 1.790e-05 |Time: 0.02s | rTime: 2.131e+01h | LR: 5.000e-03
Epoch: 660| It: 0| Loss: 9.663e-02| physLoss: 1.500e-02 | lINITIAL: 9.762e-03 | wLoss: 5.683e-02 | inLoss: 1.500e-02 | outLoss: 4.403e-05 |Time: 0.09s | rTime: 2.150e+01h | LR: 5.000e-03
Epoch: 670| It: 0| Loss: 9.744e-02| physLoss: 1.499e-02 | lINITIAL: 1.118e-02 | wLoss: 5.684e-02 | inLoss: 1.439e-02 | outLoss: 5.165e-05 |Time: 0.02s | rTime: 2.190e+01h | LR: 5.000e-03
Epoch: 680| It: 0| Loss: 9.814e-02| physLoss: 1.508e-02 | lINITIAL: 9.424e-03 | wLoss: 5.855e-02 | inLoss: 1.501e-02 | outLoss: 7.228e-05 |Time: 0.02s | rTime: 2.219e+01h | LR: 5.000e-03
Epoch: 690| It: 0| Loss: 9.883e-02| physLoss: 1.493e-02 | lINITIAL: 1.160e-02 | wLoss: 5.660e-02 | inLoss: 1.566e-02 | outLoss: 4.073e-05 |Time: 0.07s | rTime: 2.247e+01h | LR: 5.000e-03
Epoch: 700| It: 0| Loss: 9.933e-02| physLoss: 1.545e-02 | lINITIAL: 1.023e-02 | wLoss: 5.809e-02 | inLoss: 1.555e-02 | outLoss: 1.803e-05 |Time: 0.02s | rTime: 2.274e+01h | LR: 5.000e-03
Epoch: 710| It: 0| Loss: 9.997e-02| physLoss: 1.567e-02 | lINITIAL: 1.074e-02 | wLoss: 5.887e-02 | inLoss: 1.466e-02 | outLoss: 2.971e-05 |Time: 0.02s | rTime: 2.310e+01h | LR: 5.000e-03
Epoch: 720| It: 0| Loss: 1.006e-01| physLoss: 1.562e-02 | lINITIAL: 1.119e-02 | wLoss: 5.788e-02 | inLoss: 1.580e-02 | outLoss: 6.232e-05 |Time: 0.05s | rTime: 2.341e+01h | LR: 5.000e-03
Epoch: 730| It: 0| Loss: 1.011e-01| physLoss: 1.574e-02 | lINITIAL: 1.098e-02 | wLoss: 5.934e-02 | inLoss: 1.495e-02 | outLoss: 7.383e-05 |Time: 0.02s | rTime: 2.373e+01h | LR: 5.000e-03
Epoch: 740| It: 0| Loss: 1.015e-01| physLoss: 1.615e-02 | lINITIAL: 1.114e-02 | wLoss: 5.922e-02 | inLoss: 1.493e-02 | outLoss: 1.039e-04 |Time: 0.02s | rTime: 2.405e+01h | LR: 5.000e-03
Epoch: 750| It: 0| Loss: 1.019e-01| physLoss: 1.620e-02 | lINITIAL: 1.111e-02 | wLoss: 5.968e-02 | inLoss: 1.491e-02 | outLoss: 5.121e-05 |Time: 0.02s | rTime: 2.448e+01h | LR: 5.000e-03
Epoch: 760| It: 0| Loss: 1.023e-01| physLoss: 1.646e-02 | lINITIAL: 1.181e-02 | wLoss: 5.861e-02 | inLoss: 1.535e-02 | outLoss: 5.586e-05 |Time: 0.05s | rTime: 2.488e+01h | LR: 5.000e-03
Epoch: 770| It: 0| Loss: 1.026e-01| physLoss: 1.681e-02 | lINITIAL: 1.138e-02 | wLoss: 5.968e-02 | inLoss: 1.466e-02 | outLoss: 5.012e-05 |Time: 0.05s | rTime: 2.511e+01h | LR: 5.000e-03
Epoch: 780| It: 0| Loss: 1.028e-01| physLoss: 1.739e-02 | lINITIAL: 1.187e-02 | wLoss: 5.927e-02 | inLoss: 1.424e-02 | outLoss: 4.667e-05 |Time: 0.02s | rTime: 2.547e+01h | LR: 5.000e-03
Epoch: 790| It: 0| Loss: 1.030e-01| physLoss: 1.741e-02 | lINITIAL: 1.183e-02 | wLoss: 5.907e-02 | inLoss: 1.464e-02 | outLoss: 3.987e-05 |Time: 0.02s | rTime: 2.584e+01h | LR: 5.000e-03
Epoch: 800| It: 0| Loss: 1.031e-01| physLoss: 1.798e-02 | lINITIAL: 1.219e-02 | wLoss: 5.868e-02 | inLoss: 1.419e-02 | outLoss: 7.228e-05 |Time: 0.07s | rTime: 2.625e+01h | LR: 5.000e-03
Epoch: 810| It: 0| Loss: 1.033e-01| physLoss: 1.860e-02 | lINITIAL: 1.238e-02 | wLoss: 5.910e-02 | inLoss: 1.311e-02 | outLoss: 8.559e-05 |Time: 0.06s | rTime: 2.661e+01h | LR: 5.000e-03
Epoch: 820| It: 0| Loss: 1.034e-01| physLoss: 1.894e-02 | lINITIAL: 1.283e-02 | wLoss: 5.827e-02 | inLoss: 1.324e-02 | outLoss: 8.781e-05 |Time: 0.02s | rTime: 2.693e+01h | LR: 5.000e-03
Epoch: 830| It: 0| Loss: 1.035e-01| physLoss: 1.952e-02 | lINITIAL: 1.265e-02 | wLoss: 5.814e-02 | inLoss: 1.315e-02 | outLoss: 7.978e-05 |Time: 0.02s | rTime: 2.728e+01h | LR: 5.000e-03
Epoch: 840| It: 0| Loss: 1.037e-01| physLoss: 2.029e-02 | lINITIAL: 1.273e-02 | wLoss: 5.748e-02 | inLoss: 1.311e-02 | outLoss: 1.211e-04 |Time: 0.02s | rTime: 2.760e+01h | LR: 5.000e-03
Epoch: 850| It: 0| Loss: 1.039e-01| physLoss: 2.063e-02 | lINITIAL: 1.322e-02 | wLoss: 5.718e-02 | inLoss: 1.280e-02 | outLoss: 1.032e-04 |Time: 0.02s | rTime: 2.791e+01h | LR: 5.000e-03
Epoch: 860| It: 0| Loss: 1.042e-01| physLoss: 2.127e-02 | lINITIAL: 1.365e-02 | wLoss: 5.734e-02 | inLoss: 1.180e-02 | outLoss: 1.096e-04 |Time: 0.06s | rTime: 2.814e+01h | LR: 5.000e-03
Epoch: 870| It: 0| Loss: 1.044e-01| physLoss: 2.146e-02 | lINITIAL: 1.382e-02 | wLoss: 5.729e-02 | inLoss: 1.172e-02 | outLoss: 1.019e-04 |Time: 0.02s | rTime: 2.844e+01h | LR: 5.000e-03
Epoch: 880| It: 0| Loss: 1.046e-01| physLoss: 2.214e-02 | lINITIAL: 1.420e-02 | wLoss: 5.719e-02 | inLoss: 1.100e-02 | outLoss: 1.035e-04 |Time: 0.02s | rTime: 2.887e+01h | LR: 5.000e-03
Epoch: 890| It: 0| Loss: 1.047e-01| physLoss: 2.249e-02 | lINITIAL: 1.425e-02 | wLoss: 5.678e-02 | inLoss: 1.109e-02 | outLoss: 1.143e-04 |Time: 0.02s | rTime: 2.919e+01h | LR: 5.000e-03
Epoch: 900| It: 0| Loss: 1.048e-01| physLoss: 2.306e-02 | lINITIAL: 1.418e-02 | wLoss: 5.671e-02 | inLoss: 1.068e-02 | outLoss: 1.289e-04 |Time: 0.14s | rTime: 2.939e+01h | LR: 5.000e-03
Epoch: 910| It: 0| Loss: 1.048e-01| physLoss: 2.314e-02 | lINITIAL: 1.487e-02 | wLoss: 5.612e-02 | inLoss: 1.051e-02 | outLoss: 1.207e-04 |Time: 0.02s | rTime: 2.986e+01h | LR: 5.000e-03
Epoch: 920| It: 0| Loss: 1.047e-01| physLoss: 2.379e-02 | lINITIAL: 1.418e-02 | wLoss: 5.660e-02 | inLoss: 1.001e-02 | outLoss: 1.259e-04 |Time: 0.02s | rTime: 3.025e+01h | LR: 5.000e-03
Epoch: 930| It: 0| Loss: 1.047e-01| physLoss: 2.383e-02 | lINITIAL: 1.428e-02 | wLoss: 5.592e-02 | inLoss: 1.056e-02 | outLoss: 1.498e-04 |Time: 0.02s | rTime: 3.063e+01h | LR: 5.000e-03
Epoch: 940| It: 0| Loss: 1.048e-01| physLoss: 2.407e-02 | lINITIAL: 1.413e-02 | wLoss: 5.649e-02 | inLoss: 1.001e-02 | outLoss: 1.353e-04 |Time: 0.05s | rTime: 3.083e+01h | LR: 5.000e-03
Epoch: 950| It: 0| Loss: 1.051e-01| physLoss: 2.390e-02 | lINITIAL: 1.493e-02 | wLoss: 5.622e-02 | inLoss: 9.890e-03 | outLoss: 1.152e-04 |Time: 0.02s | rTime: 3.117e+01h | LR: 5.000e-03
Epoch: 960| It: 0| Loss: 1.054e-01| physLoss: 2.380e-02 | lINITIAL: 1.511e-02 | wLoss: 5.698e-02 | inLoss: 9.403e-03 | outLoss: 1.065e-04 |Time: 0.02s | rTime: 3.160e+01h | LR: 5.000e-03
Epoch: 970| It: 0| Loss: 1.057e-01| physLoss: 2.328e-02 | lINITIAL: 1.495e-02 | wLoss: 5.747e-02 | inLoss: 9.938e-03 | outLoss: 1.104e-04 |Time: 0.02s | rTime: 3.200e+01h | LR: 5.000e-03
Epoch: 980| It: 0| Loss: 1.061e-01| physLoss: 2.301e-02 | lINITIAL: 1.493e-02 | wLoss: 5.802e-02 | inLoss: 9.979e-03 | outLoss: 1.211e-04 |Time: 0.07s | rTime: 3.235e+01h | LR: 5.000e-03
Epoch: 990| It: 0| Loss: 1.062e-01| physLoss: 2.258e-02 | lINITIAL: 1.505e-02 | wLoss: 5.868e-02 | inLoss: 9.783e-03 | outLoss: 1.123e-04 |Time: 0.11s | rTime: 3.263e+01h | LR: 5.000e-03

Predicting nn solution

 Relative L2 ERROR:
domain U velocity  : 9.547e+01 %
domain V velocity  : 1.966e+04 %
domain P Pressure  : 9.417e+01 %

 Relative l1 error
domain U velocity  : 9.287e+01 %
domain V velocity  : 3.356e+04 %
domain P Pressure  : 8.756e+01 %
Final loss loss_OUTLET: 8.999521e-05
Final loss loss_INLET: 9.842000e-03
Final loss loss_WALL: 5.892984e-02
Final loss loss_Initial: 1.546057e-02
