Epoch: 0| It: 0| Loss: 4.552e-01| physLoss: 1.133e-01 | lINITIAL: 1.894e-01 | wLoss: 5.216e-02 | inLoss: 1.016e-02 | outLoss: 9.018e-02 |Time: 0.00s | rTime: 8.521e-04h | LR: 5.000e-03
Epoch: 100| It: 0| Loss: 5.340e-02| physLoss: 1.084e-03 | lINITIAL: 2.987e-02 | wLoss: 1.250e-02 | inLoss: 5.507e-03 | outLoss: 4.431e-03 |Time: 0.00s | rTime: 5.423e-02h | LR: 5.000e-03
Epoch: 200| It: 0| Loss: 2.941e-02| physLoss: 1.646e-03 | lINITIAL: 7.473e-03 | wLoss: 1.331e-02 | inLoss: 1.343e-03 | outLoss: 5.644e-03 |Time: 0.00s | rTime: 7.616e-02h | LR: 5.000e-03
Epoch: 300| It: 0| Loss: 2.159e-02| physLoss: 3.172e-03 | lINITIAL: 4.868e-03 | wLoss: 8.692e-03 | inLoss: 4.440e-03 | outLoss: 4.145e-04 |Time: 0.00s | rTime: 9.757e-02h | LR: 5.000e-03
Epoch: 400| It: 0| Loss: 2.068e-02| physLoss: 2.616e-03 | lINITIAL: 4.318e-03 | wLoss: 1.112e-02 | inLoss: 2.189e-03 | outLoss: 4.277e-04 |Time: 0.00s | rTime: 1.195e-01h | LR: 5.000e-03
Epoch: 500| It: 0| Loss: 1.894e-02| physLoss: 2.966e-03 | lINITIAL: 2.656e-03 | wLoss: 9.431e-03 | inLoss: 3.721e-03 | outLoss: 1.665e-04 |Time: 0.00s | rTime: 1.426e-01h | LR: 5.000e-03
Epoch: 600| It: 0| Loss: 1.838e-02| physLoss: 3.413e-03 | lINITIAL: 1.996e-03 | wLoss: 1.025e-02 | inLoss: 2.675e-03 | outLoss: 4.484e-05 |Time: 0.00s | rTime: 1.645e-01h | LR: 5.000e-03
Epoch: 700| It: 0| Loss: 1.835e-02| physLoss: 3.394e-03 | lINITIAL: 2.134e-03 | wLoss: 1.077e-02 | inLoss: 2.008e-03 | outLoss: 3.847e-05 |Time: 0.00s | rTime: 1.861e-01h | LR: 5.000e-03
Epoch: 800| It: 0| Loss: 1.831e-02| physLoss: 3.143e-03 | lINITIAL: 2.243e-03 | wLoss: 1.083e-02 | inLoss: 2.088e-03 | outLoss: 6.356e-06 |Time: 0.00s | rTime: 2.079e-01h | LR: 5.000e-03
Epoch: 900| It: 0| Loss: 1.833e-02| physLoss: 3.112e-03 | lINITIAL: 2.086e-03 | wLoss: 1.088e-02 | inLoss: 2.251e-03 | outLoss: 6.530e-06 |Time: 0.00s | rTime: 2.292e-01h | LR: 5.000e-03
Epoch: 1000| It: 0| Loss: 1.836e-02| physLoss: 3.050e-03 | lINITIAL: 2.156e-03 | wLoss: 1.079e-02 | inLoss: 2.360e-03 | outLoss: 2.860e-06 |Time: 0.00s | rTime: 2.511e-01h | LR: 5.000e-03
Epoch: 1100| It: 0| Loss: 1.837e-02| physLoss: 3.135e-03 | lINITIAL: 2.128e-03 | wLoss: 1.088e-02 | inLoss: 2.230e-03 | outLoss: 3.280e-06 |Time: 0.00s | rTime: 2.724e-01h | LR: 5.000e-03
Epoch: 1200| It: 0| Loss: 1.835e-02| physLoss: 3.183e-03 | lINITIAL: 2.126e-03 | wLoss: 1.086e-02 | inLoss: 2.186e-03 | outLoss: 2.550e-06 |Time: 0.00s | rTime: 2.941e-01h | LR: 5.000e-03
Epoch: 1300| It: 0| Loss: 1.826e-02| physLoss: 3.176e-03 | lINITIAL: 2.157e-03 | wLoss: 1.090e-02 | inLoss: 2.025e-03 | outLoss: 3.940e-06 |Time: 0.00s | rTime: 3.157e-01h | LR: 5.000e-03
Epoch: 1400| It: 0| Loss: 1.803e-02| physLoss: 3.080e-03 | lINITIAL: 2.196e-03 | wLoss: 1.085e-02 | inLoss: 1.900e-03 | outLoss: 6.801e-06 |Time: 0.00s | rTime: 3.376e-01h | LR: 5.000e-03
Epoch: 1500| It: 0| Loss: 1.751e-02| physLoss: 2.797e-03 | lINITIAL: 2.293e-03 | wLoss: 1.068e-02 | inLoss: 1.723e-03 | outLoss: 1.087e-05 |Time: 0.00s | rTime: 3.591e-01h | LR: 5.000e-03
Epoch: 1600| It: 0| Loss: 1.643e-02| physLoss: 2.221e-03 | lINITIAL: 2.398e-03 | wLoss: 1.030e-02 | inLoss: 1.497e-03 | outLoss: 1.384e-05 |Time: 0.00s | rTime: 3.815e-01h | LR: 5.000e-03
Epoch: 1700| It: 0| Loss: 1.532e-02| physLoss: 1.828e-03 | lINITIAL: 2.535e-03 | wLoss: 9.738e-03 | inLoss: 1.204e-03 | outLoss: 1.794e-05 |Time: 0.00s | rTime: 4.028e-01h | LR: 5.000e-03
Epoch: 1800| It: 0| Loss: 1.493e-02| physLoss: 1.569e-03 | lINITIAL: 2.641e-03 | wLoss: 9.575e-03 | inLoss: 1.134e-03 | outLoss: 1.504e-05 |Time: 0.00s | rTime: 4.248e-01h | LR: 5.000e-03
Epoch: 1900| It: 0| Loss: 1.482e-02| physLoss: 1.350e-03 | lINITIAL: 2.676e-03 | wLoss: 9.638e-03 | inLoss: 1.140e-03 | outLoss: 1.455e-05 |Time: 0.00s | rTime: 4.465e-01h | LR: 5.000e-03
Epoch: 2000| It: 0| Loss: 1.468e-02| physLoss: 1.291e-03 | lINITIAL: 2.684e-03 | wLoss: 9.545e-03 | inLoss: 1.149e-03 | outLoss: 6.977e-06 |Time: 0.00s | rTime: 4.682e-01h | LR: 5.000e-03
Epoch: 2100| It: 0| Loss: 1.457e-02| physLoss: 1.237e-03 | lINITIAL: 2.666e-03 | wLoss: 9.549e-03 | inLoss: 1.115e-03 | outLoss: 5.818e-06 |Time: 0.00s | rTime: 4.907e-01h | LR: 5.000e-03
Epoch: 2200| It: 0| Loss: 1.448e-02| physLoss: 1.294e-03 | lINITIAL: 2.631e-03 | wLoss: 9.430e-03 | inLoss: 1.123e-03 | outLoss: 5.685e-06 |Time: 0.00s | rTime: 5.123e-01h | LR: 5.000e-03
Epoch: 2300| It: 0| Loss: 1.446e-02| physLoss: 1.324e-03 | lINITIAL: 2.618e-03 | wLoss: 9.407e-03 | inLoss: 1.099e-03 | outLoss: 8.638e-06 |Time: 0.00s | rTime: 5.335e-01h | LR: 5.000e-03
Epoch: 2400| It: 0| Loss: 1.446e-02| physLoss: 1.475e-03 | lINITIAL: 2.636e-03 | wLoss: 9.276e-03 | inLoss: 1.062e-03 | outLoss: 9.576e-06 |Time: 0.00s | rTime: 5.551e-01h | LR: 5.000e-03
Epoch: 2500| It: 0| Loss: 1.438e-02| physLoss: 1.354e-03 | lINITIAL: 2.675e-03 | wLoss: 9.261e-03 | inLoss: 1.085e-03 | outLoss: 8.529e-06 |Time: 0.00s | rTime: 5.763e-01h | LR: 5.000e-03
Epoch: 2600| It: 0| Loss: 1.427e-02| physLoss: 1.329e-03 | lINITIAL: 2.701e-03 | wLoss: 9.162e-03 | inLoss: 1.070e-03 | outLoss: 8.209e-06 |Time: 0.00s | rTime: 5.989e-01h | LR: 5.000e-03
Epoch: 2700| It: 0| Loss: 1.403e-02| physLoss: 1.318e-03 | lINITIAL: 2.713e-03 | wLoss: 8.958e-03 | inLoss: 1.032e-03 | outLoss: 7.440e-06 |Time: 0.00s | rTime: 6.206e-01h | LR: 5.000e-03
Epoch: 2800| It: 0| Loss: 1.352e-02| physLoss: 1.280e-03 | lINITIAL: 2.679e-03 | wLoss: 8.615e-03 | inLoss: 9.405e-04 | outLoss: 5.952e-06 |Time: 0.00s | rTime: 6.421e-01h | LR: 5.000e-03
Epoch: 2900| It: 0| Loss: 1.264e-02| physLoss: 1.250e-03 | lINITIAL: 2.467e-03 | wLoss: 8.117e-03 | inLoss: 7.964e-04 | outLoss: 5.005e-06 |Time: 0.00s | rTime: 6.633e-01h | LR: 5.000e-03
Epoch: 3000| It: 0| Loss: 1.183e-02| physLoss: 1.481e-03 | lINITIAL: 2.098e-03 | wLoss: 7.467e-03 | inLoss: 7.797e-04 | outLoss: 4.187e-06 |Time: 0.00s | rTime: 6.848e-01h | LR: 5.000e-03
Epoch: 3100| It: 0| Loss: 1.113e-02| physLoss: 1.610e-03 | lINITIAL: 1.889e-03 | wLoss: 6.889e-03 | inLoss: 7.382e-04 | outLoss: 5.946e-06 |Time: 0.00s | rTime: 7.068e-01h | LR: 5.000e-03
Epoch: 3200| It: 0| Loss: 1.027e-02| physLoss: 1.400e-03 | lINITIAL: 1.692e-03 | wLoss: 6.443e-03 | inLoss: 7.260e-04 | outLoss: 3.718e-06 |Time: 0.00s | rTime: 7.280e-01h | LR: 5.000e-03
Epoch: 3300| It: 0| Loss: 9.664e-03| physLoss: 1.402e-03 | lINITIAL: 1.509e-03 | wLoss: 6.160e-03 | inLoss: 5.861e-04 | outLoss: 7.051e-06 |Time: 0.00s | rTime: 7.494e-01h | LR: 5.000e-03
Epoch: 3400| It: 0| Loss: 9.187e-03| physLoss: 1.432e-03 | lINITIAL: 1.461e-03 | wLoss: 5.797e-03 | inLoss: 4.934e-04 | outLoss: 4.498e-06 |Time: 0.00s | rTime: 7.711e-01h | LR: 5.000e-03
Epoch: 3500| It: 0| Loss: 8.696e-03| physLoss: 1.390e-03 | lINITIAL: 1.455e-03 | wLoss: 5.427e-03 | inLoss: 4.184e-04 | outLoss: 4.967e-06 |Time: 0.00s | rTime: 7.925e-01h | LR: 5.000e-03
Epoch: 3600| It: 0| Loss: 8.212e-03| physLoss: 1.393e-03 | lINITIAL: 1.393e-03 | wLoss: 5.064e-03 | inLoss: 3.585e-04 | outLoss: 3.479e-06 |Time: 0.00s | rTime: 8.144e-01h | LR: 5.000e-03
Epoch: 3700| It: 0| Loss: 7.789e-03| physLoss: 1.334e-03 | lINITIAL: 1.350e-03 | wLoss: 4.753e-03 | inLoss: 3.486e-04 | outLoss: 2.577e-06 |Time: 0.00s | rTime: 8.359e-01h | LR: 5.000e-03
Epoch: 3800| It: 0| Loss: 7.481e-03| physLoss: 1.301e-03 | lINITIAL: 1.316e-03 | wLoss: 4.470e-03 | inLoss: 3.902e-04 | outLoss: 2.630e-06 |Time: 0.00s | rTime: 8.575e-01h | LR: 5.000e-03
Epoch: 3900| It: 0| Loss: 7.197e-03| physLoss: 1.226e-03 | lINITIAL: 1.279e-03 | wLoss: 4.299e-03 | inLoss: 3.913e-04 | outLoss: 1.815e-06 |Time: 0.00s | rTime: 8.793e-01h | LR: 5.000e-03
Epoch: 4000| It: 0| Loss: 6.925e-03| physLoss: 1.145e-03 | lINITIAL: 1.227e-03 | wLoss: 4.152e-03 | inLoss: 3.995e-04 | outLoss: 1.712e-06 |Time: 0.00s | rTime: 9.011e-01h | LR: 5.000e-03
Epoch: 4100| It: 0| Loss: 6.637e-03| physLoss: 1.097e-03 | lINITIAL: 1.193e-03 | wLoss: 4.192e-03 | inLoss: 1.525e-04 | outLoss: 1.611e-06 |Time: 0.00s | rTime: 9.232e-01h | LR: 5.000e-03
Epoch: 4200| It: 0| Loss: 6.290e-03| physLoss: 9.366e-04 | lINITIAL: 1.150e-03 | wLoss: 4.065e-03 | inLoss: 1.379e-04 | outLoss: 1.632e-06 |Time: 0.00s | rTime: 9.451e-01h | LR: 5.000e-03
Epoch: 4300| It: 0| Loss: 5.896e-03| physLoss: 7.300e-04 | lINITIAL: 1.102e-03 | wLoss: 3.895e-03 | inLoss: 1.666e-04 | outLoss: 1.965e-06 |Time: 0.00s | rTime: 9.674e-01h | LR: 5.000e-03
Epoch: 4400| It: 0| Loss: 5.770e-03| physLoss: 6.594e-04 | lINITIAL: 1.068e-03 | wLoss: 3.789e-03 | inLoss: 2.505e-04 | outLoss: 2.956e-06 |Time: 0.00s | rTime: 9.897e-01h | LR: 5.000e-03
Epoch: 4500| It: 0| Loss: 5.458e-03| physLoss: 6.039e-04 | lINITIAL: 1.061e-03 | wLoss: 3.647e-03 | inLoss: 1.437e-04 | outLoss: 2.742e-06 |Time: 0.00s | rTime: 1.011e+00h | LR: 5.000e-03
Epoch: 4600| It: 0| Loss: 5.251e-03| physLoss: 5.522e-04 | lINITIAL: 1.030e-03 | wLoss: 3.441e-03 | inLoss: 2.265e-04 | outLoss: 1.262e-06 |Time: 0.00s | rTime: 1.033e+00h | LR: 5.000e-03
Epoch: 4700| It: 0| Loss: 5.195e-03| physLoss: 5.821e-04 | lINITIAL: 1.029e-03 | wLoss: 3.303e-03 | inLoss: 2.798e-04 | outLoss: 1.043e-06 |Time: 0.00s | rTime: 1.054e+00h | LR: 5.000e-03
Epoch: 4800| It: 0| Loss: 5.072e-03| physLoss: 5.972e-04 | lINITIAL: 1.013e-03 | wLoss: 3.349e-03 | inLoss: 1.112e-04 | outLoss: 1.199e-06 |Time: 0.00s | rTime: 1.075e+00h | LR: 5.000e-03
Epoch: 4900| It: 0| Loss: 4.994e-03| physLoss: 6.199e-04 | lINITIAL: 1.006e-03 | wLoss: 3.275e-03 | inLoss: 9.116e-05 | outLoss: 1.049e-06 |Time: 0.00s | rTime: 1.097e+00h | LR: 5.000e-03
Epoch: 5000| It: 0| Loss: 4.889e-03| physLoss: 5.729e-04 | lINITIAL: 9.908e-04 | wLoss: 3.079e-03 | inLoss: 2.456e-04 | outLoss: 8.765e-07 |Time: 0.00s | rTime: 1.118e+00h | LR: 5.000e-03
Epoch: 5100| It: 0| Loss: 4.705e-03| physLoss: 5.168e-04 | lINITIAL: 9.794e-04 | wLoss: 3.052e-03 | inLoss: 1.557e-04 | outLoss: 8.142e-07 |Time: 0.00s | rTime: 1.140e+00h | LR: 5.000e-03
Epoch: 5200| It: 0| Loss: 4.645e-03| physLoss: 5.257e-04 | lINITIAL: 9.606e-04 | wLoss: 2.981e-03 | inLoss: 1.753e-04 | outLoss: 1.641e-06 |Time: 0.00s | rTime: 1.161e+00h | LR: 5.000e-03
Epoch: 5300| It: 0| Loss: 4.522e-03| physLoss: 4.926e-04 | lINITIAL: 9.657e-04 | wLoss: 2.863e-03 | inLoss: 1.995e-04 | outLoss: 1.104e-06 |Time: 0.00s | rTime: 1.183e+00h | LR: 5.000e-03
Epoch: 5400| It: 0| Loss: 4.483e-03| physLoss: 5.739e-04 | lINITIAL: 9.458e-04 | wLoss: 2.887e-03 | inLoss: 7.494e-05 | outLoss: 1.750e-06 |Time: 0.00s | rTime: 1.206e+00h | LR: 5.000e-03
Epoch: 5500| It: 0| Loss: 4.365e-03| physLoss: 4.757e-04 | lINITIAL: 9.612e-04 | wLoss: 2.674e-03 | inLoss: 2.529e-04 | outLoss: 1.997e-06 |Time: 0.00s | rTime: 1.227e+00h | LR: 5.000e-03
Epoch: 5600| It: 0| Loss: 4.131e-03| physLoss: 4.278e-04 | lINITIAL: 9.192e-04 | wLoss: 2.706e-03 | inLoss: 7.689e-05 | outLoss: 1.139e-06 |Time: 0.00s | rTime: 1.248e+00h | LR: 5.000e-03
Epoch: 5700| It: 0| Loss: 4.166e-03| physLoss: 5.580e-04 | lINITIAL: 9.227e-04 | wLoss: 2.640e-03 | inLoss: 4.259e-05 | outLoss: 2.017e-06 |Time: 0.00s | rTime: 1.270e+00h | LR: 5.000e-03
Epoch: 5800| It: 0| Loss: 3.860e-03| physLoss: 3.456e-04 | lINITIAL: 8.901e-04 | wLoss: 2.561e-03 | inLoss: 6.172e-05 | outLoss: 1.259e-06 |Time: 0.00s | rTime: 1.292e+00h | LR: 5.000e-03
Epoch: 5900| It: 0| Loss: 3.770e-03| physLoss: 3.189e-04 | lINITIAL: 8.751e-04 | wLoss: 2.498e-03 | inLoss: 7.537e-05 | outLoss: 2.153e-06 |Time: 0.00s | rTime: 1.313e+00h | LR: 5.000e-03
Epoch: 6000| It: 0| Loss: 3.707e-03| physLoss: 3.273e-04 | lINITIAL: 8.487e-04 | wLoss: 2.456e-03 | inLoss: 7.309e-05 | outLoss: 1.869e-06 |Time: 0.00s | rTime: 1.335e+00h | LR: 5.000e-03
Epoch: 6100| It: 0| Loss: 3.601e-03| physLoss: 2.858e-04 | lINITIAL: 8.525e-04 | wLoss: 2.396e-03 | inLoss: 6.617e-05 | outLoss: 1.103e-06 |Time: 0.00s | rTime: 1.356e+00h | LR: 5.000e-03
Epoch: 6200| It: 0| Loss: 3.473e-03| physLoss: 2.174e-04 | lINITIAL: 8.393e-04 | wLoss: 2.346e-03 | inLoss: 6.920e-05 | outLoss: 1.385e-06 |Time: 0.00s | rTime: 1.378e+00h | LR: 5.000e-03
Epoch: 6300| It: 0| Loss: 3.433e-03| physLoss: 2.240e-04 | lINITIAL: 8.361e-04 | wLoss: 2.313e-03 | inLoss: 5.929e-05 | outLoss: 1.139e-06 |Time: 0.00s | rTime: 1.400e+00h | LR: 5.000e-03
Epoch: 6400| It: 0| Loss: 3.578e-03| physLoss: 3.646e-04 | lINITIAL: 8.260e-04 | wLoss: 2.260e-03 | inLoss: 1.231e-04 | outLoss: 3.751e-06 |Time: 0.00s | rTime: 1.421e+00h | LR: 5.000e-03
Epoch: 6500| It: 0| Loss: 3.492e-03| physLoss: 3.173e-04 | lINITIAL: 8.366e-04 | wLoss: 2.258e-03 | inLoss: 7.812e-05 | outLoss: 1.359e-06 |Time: 0.00s | rTime: 1.443e+00h | LR: 5.000e-03
Epoch: 6600| It: 0| Loss: 3.307e-03| physLoss: 1.872e-04 | lINITIAL: 8.292e-04 | wLoss: 2.231e-03 | inLoss: 5.855e-05 | outLoss: 1.411e-06 |Time: 0.00s | rTime: 1.465e+00h | LR: 5.000e-03
Epoch: 6700| It: 0| Loss: 3.417e-03| physLoss: 3.121e-04 | lINITIAL: 8.521e-04 | wLoss: 2.227e-03 | inLoss: 2.133e-05 | outLoss: 4.075e-06 |Time: 0.00s | rTime: 1.486e+00h | LR: 5.000e-03
Epoch: 6800| It: 0| Loss: 3.395e-03| physLoss: 2.895e-04 | lINITIAL: 8.437e-04 | wLoss: 2.224e-03 | inLoss: 3.628e-05 | outLoss: 1.321e-06 |Time: 0.00s | rTime: 1.508e+00h | LR: 5.000e-03
Epoch: 6900| It: 0| Loss: 3.387e-03| physLoss: 2.999e-04 | lINITIAL: 8.385e-04 | wLoss: 2.162e-03 | inLoss: 8.539e-05 | outLoss: 1.205e-06 |Time: 0.00s | rTime: 1.529e+00h | LR: 5.000e-03
Epoch: 7000| It: 0| Loss: 3.351e-03| physLoss: 2.922e-04 | lINITIAL: 8.317e-04 | wLoss: 2.152e-03 | inLoss: 7.192e-05 | outLoss: 2.400e-06 |Time: 0.00s | rTime: 1.551e+00h | LR: 5.000e-03
Epoch: 7100| It: 0| Loss: 3.289e-03| physLoss: 2.533e-04 | lINITIAL: 8.393e-04 | wLoss: 2.139e-03 | inLoss: 5.589e-05 | outLoss: 1.999e-06 |Time: 0.00s | rTime: 1.572e+00h | LR: 5.000e-03
Epoch: 7200| It: 0| Loss: 3.211e-03| physLoss: 2.005e-04 | lINITIAL: 8.361e-04 | wLoss: 2.098e-03 | inLoss: 7.609e-05 | outLoss: 1.124e-06 |Time: 0.00s | rTime: 1.593e+00h | LR: 5.000e-03
Epoch: 7300| It: 0| Loss: 3.217e-03| physLoss: 2.330e-04 | lINITIAL: 8.531e-04 | wLoss: 2.110e-03 | inLoss: 1.755e-05 | outLoss: 2.971e-06 |Time: 0.00s | rTime: 1.615e+00h | LR: 5.000e-03
Epoch: 7400| It: 0| Loss: 3.197e-03| physLoss: 2.313e-04 | lINITIAL: 8.544e-04 | wLoss: 2.087e-03 | inLoss: 2.010e-05 | outLoss: 4.195e-06 |Time: 0.00s | rTime: 1.636e+00h | LR: 5.000e-03
Epoch: 7500| It: 0| Loss: 3.161e-03| physLoss: 2.032e-04 | lINITIAL: 8.540e-04 | wLoss: 2.079e-03 | inLoss: 1.956e-05 | outLoss: 4.536e-06 |Time: 0.00s | rTime: 1.658e+00h | LR: 5.000e-03
Epoch: 7600| It: 0| Loss: 3.105e-03| physLoss: 1.753e-04 | lINITIAL: 8.561e-04 | wLoss: 2.039e-03 | inLoss: 2.996e-05 | outLoss: 4.131e-06 |Time: 0.00s | rTime: 1.679e+00h | LR: 5.000e-03
Epoch: 7700| It: 0| Loss: 3.010e-03| physLoss: 1.068e-04 | lINITIAL: 8.412e-04 | wLoss: 2.019e-03 | inLoss: 4.201e-05 | outLoss: 1.180e-06 |Time: 0.00s | rTime: 1.701e+00h | LR: 5.000e-03
Epoch: 7800| It: 0| Loss: 3.140e-03| physLoss: 2.218e-04 | lINITIAL: 8.527e-04 | wLoss: 2.007e-03 | inLoss: 5.647e-05 | outLoss: 2.103e-06 |Time: 0.00s | rTime: 1.722e+00h | LR: 5.000e-03
Epoch: 7900| It: 0| Loss: 3.074e-03| physLoss: 1.765e-04 | lINITIAL: 8.538e-04 | wLoss: 1.963e-03 | inLoss: 7.799e-05 | outLoss: 2.025e-06 |Time: 0.00s | rTime: 1.744e+00h | LR: 5.000e-03
Epoch: 8000| It: 0| Loss: 3.228e-03| physLoss: 2.936e-04 | lINITIAL: 8.542e-04 | wLoss: 1.949e-03 | inLoss: 1.291e-04 | outLoss: 1.307e-06 |Time: 0.00s | rTime: 1.765e+00h | LR: 5.000e-03
Epoch: 8100| It: 0| Loss: 2.958e-03| physLoss: 1.192e-04 | lINITIAL: 8.436e-04 | wLoss: 1.940e-03 | inLoss: 5.169e-05 | outLoss: 3.721e-06 |Time: 0.00s | rTime: 1.786e+00h | LR: 5.000e-03
Epoch: 8200| It: 0| Loss: 3.022e-03| physLoss: 1.779e-04 | lINITIAL: 8.576e-04 | wLoss: 1.901e-03 | inLoss: 8.214e-05 | outLoss: 3.073e-06 |Time: 0.00s | rTime: 1.808e+00h | LR: 5.000e-03
Epoch: 8300| It: 0| Loss: 2.918e-03| physLoss: 1.129e-04 | lINITIAL: 8.518e-04 | wLoss: 1.917e-03 | inLoss: 3.455e-05 | outLoss: 1.493e-06 |Time: 0.00s | rTime: 1.829e+00h | LR: 5.000e-03
Epoch: 8400| It: 0| Loss: 2.975e-03| physLoss: 1.651e-04 | lINITIAL: 8.542e-04 | wLoss: 1.873e-03 | inLoss: 8.148e-05 | outLoss: 1.436e-06 |Time: 0.00s | rTime: 1.851e+00h | LR: 5.000e-03
Epoch: 8500| It: 0| Loss: 2.932e-03| physLoss: 1.513e-04 | lINITIAL: 8.722e-04 | wLoss: 1.879e-03 | inLoss: 2.538e-05 | outLoss: 4.841e-06 |Time: 0.00s | rTime: 1.873e+00h | LR: 5.000e-03
Epoch: 8600| It: 0| Loss: 2.924e-03| physLoss: 1.480e-04 | lINITIAL: 8.513e-04 | wLoss: 1.878e-03 | inLoss: 4.554e-05 | outLoss: 1.927e-06 |Time: 0.00s | rTime: 1.895e+00h | LR: 5.000e-03
Epoch: 8700| It: 0| Loss: 2.879e-03| physLoss: 1.130e-04 | lINITIAL: 8.499e-04 | wLoss: 1.851e-03 | inLoss: 6.323e-05 | outLoss: 2.046e-06 |Time: 0.00s | rTime: 1.916e+00h | LR: 5.000e-03
Epoch: 8800| It: 0| Loss: 2.936e-03| physLoss: 1.703e-04 | lINITIAL: 8.491e-04 | wLoss: 1.869e-03 | inLoss: 4.603e-05 | outLoss: 1.416e-06 |Time: 0.00s | rTime: 1.938e+00h | LR: 5.000e-03
Epoch: 8900| It: 0| Loss: 2.931e-03| physLoss: 1.650e-04 | lINITIAL: 8.540e-04 | wLoss: 1.842e-03 | inLoss: 6.856e-05 | outLoss: 2.064e-06 |Time: 0.00s | rTime: 1.959e+00h | LR: 5.000e-03
Epoch: 9000| It: 0| Loss: 2.872e-03| physLoss: 1.217e-04 | lINITIAL: 8.555e-04 | wLoss: 1.847e-03 | inLoss: 4.565e-05 | outLoss: 2.227e-06 |Time: 0.00s | rTime: 1.982e+00h | LR: 5.000e-03
Epoch: 9100| It: 0| Loss: 2.835e-03| physLoss: 1.036e-04 | lINITIAL: 8.468e-04 | wLoss: 1.858e-03 | inLoss: 2.337e-05 | outLoss: 2.865e-06 |Time: 0.00s | rTime: 2.003e+00h | LR: 5.000e-03
Epoch: 9200| It: 0| Loss: 2.808e-03| physLoss: 8.173e-05 | lINITIAL: 8.467e-04 | wLoss: 1.832e-03 | inLoss: 4.653e-05 | outLoss: 1.274e-06 |Time: 0.00s | rTime: 2.024e+00h | LR: 5.000e-03
Epoch: 9300| It: 0| Loss: 2.904e-03| physLoss: 1.654e-04 | lINITIAL: 8.425e-04 | wLoss: 1.822e-03 | inLoss: 7.243e-05 | outLoss: 1.229e-06 |Time: 0.00s | rTime: 2.046e+00h | LR: 5.000e-03
Epoch: 9400| It: 0| Loss: 3.037e-03| physLoss: 2.675e-04 | lINITIAL: 8.432e-04 | wLoss: 1.842e-03 | inLoss: 8.322e-05 | outLoss: 1.351e-06 |Time: 0.00s | rTime: 2.068e+00h | LR: 5.000e-03
Epoch: 9500| It: 0| Loss: 2.849e-03| physLoss: 1.249e-04 | lINITIAL: 8.542e-04 | wLoss: 1.853e-03 | inLoss: 1.568e-05 | outLoss: 1.677e-06 |Time: 0.00s | rTime: 2.090e+00h | LR: 5.000e-03
Epoch: 9600| It: 0| Loss: 2.848e-03| physLoss: 1.263e-04 | lINITIAL: 8.436e-04 | wLoss: 1.822e-03 | inLoss: 5.423e-05 | outLoss: 1.517e-06 |Time: 0.00s | rTime: 2.112e+00h | LR: 5.000e-03
Epoch: 9700| It: 0| Loss: 2.776e-03| physLoss: 6.737e-05 | lINITIAL: 8.490e-04 | wLoss: 1.836e-03 | inLoss: 2.231e-05 | outLoss: 1.108e-06 |Time: 0.00s | rTime: 2.134e+00h | LR: 5.000e-03
Epoch: 9800| It: 0| Loss: 2.791e-03| physLoss: 8.546e-05 | lINITIAL: 8.492e-04 | wLoss: 1.844e-03 | inLoss: 1.125e-05 | outLoss: 1.008e-06 |Time: 0.00s | rTime: 2.156e+00h | LR: 5.000e-03
Epoch: 9900| It: 0| Loss: 2.993e-03| physLoss: 2.472e-04 | lINITIAL: 8.624e-04 | wLoss: 1.855e-03 | inLoss: 2.683e-05 | outLoss: 1.330e-06 |Time: 0.00s | rTime: 2.178e+00h | LR: 5.000e-03
Final loss loss_OUTLET: 1.530280e-06
Final loss loss_INLET: 3.779459e-05
Final loss loss_WALL: 1.845452e-03
Final loss loss_Initial: 8.548543e-04
Final loss loss_Phys: 2.069821e-04

Predicting nn solution

 Relative L2 ERROR:
domain U velocity  : 9.972e+01 %
domain V velocity  : 1.177e+03 %
domain P Pressure  : 1.112e+02 %

 Relative l1 error
domain U velocity  : 9.925e+01 %
domain V velocity  : 1.727e+03 %
domain P Pressure  : 1.002e+02 %
